<?xml version="1.0" encoding="UTF-8"?>
<!-- Generated by org.testng.reporters.JUnitReportReporter -->
<testsuite skipped="0" hostname="MSI" name="io.duotech.tests.OrderTests" tests="3" failures="0" timestamp="2020-03-26T19:29:20 EDT" time="26.082" errors="0">
  <testcase name="verifyQuantityErrorMessage2" time="8.372" classname="io.duotech.tests.OrderTests"/>
  <testcase name="verifyQuantityErrorMessage" time="10.075" classname="io.duotech.tests.OrderTests"/>
  <testcase name="verifyQuantityErrorMessage3" time="7.635" classname="io.duotech.tests.OrderTests"/>
</testsuite> <!-- io.duotech.tests.OrderTests -->
