<?xml version="1.0" encoding="UTF-8"?>
<!-- Generated by org.testng.reporters.JUnitReportReporter -->
<testsuite skipped="0" hostname="MSI" name="io.duotech.tests.LoginTest" tests="4" failures="0" timestamp="2020-03-26T19:29:20 EDT" time="30.979" errors="0">
  <testcase name="loginPOMPatternNegative" time="6.681" classname="io.duotech.tests.LoginTest"/>
  <testcase name="testRun" time="7.145" classname="io.duotech.tests.LoginTest"/>
  <testcase name="loginPOMPattern" time="9.129" classname="io.duotech.tests.LoginTest"/>
  <testcase name="login" time="8.024" classname="io.duotech.tests.LoginTest"/>
</testsuite> <!-- io.duotech.tests.LoginTest -->
